\BOOKMARK [0][]{chapter.1}{Introduction}{}% 1
\BOOKMARK [0][]{chapter.2}{Ultra High Energy Cosmic Rays and Neutrinos}{}% 2
\BOOKMARK [1][]{section.2.1}{Ultra High Energy Cosmic Rays}{chapter.2}% 3
\BOOKMARK [2][]{subsection.2.1.1}{History}{section.2.1}% 4
\BOOKMARK [2][]{subsection.2.1.2}{Origin}{section.2.1}% 5
\BOOKMARK [2][]{subsection.2.1.3}{Propagation}{section.2.1}% 6
\BOOKMARK [2][]{subsection.2.1.4}{Latest results}{section.2.1}% 7
\BOOKMARK [1][]{section.2.2}{Ultra High Energy Neutrinos}{chapter.2}% 8
\BOOKMARK [2][]{subsection.2.2.1}{History}{section.2.2}% 9
\BOOKMARK [2][]{subsection.2.2.2}{Origin and Propagation}{section.2.2}% 10
\BOOKMARK [2][]{subsection.2.2.3}{Neutrino Interactions and Detection}{section.2.2}% 11
\BOOKMARK [2][]{subsection.2.2.4}{Latest results}{section.2.2}% 12
\BOOKMARK [1][]{section.2.3}{Multimessenger Astronomy}{chapter.2}% 13
\BOOKMARK [0][]{chapter.3}{Extensive Air Showers}{}% 14
\BOOKMARK [1][]{section.3.1}{Development}{chapter.3}% 15
\BOOKMARK [2][]{subsection.3.1.1}{Heitler's Toy Model}{section.3.1}% 16
\BOOKMARK [2][]{subsection.3.1.2}{Hadronic Extension}{section.3.1}% 17
\BOOKMARK [2][]{subsection.3.1.3}{LPM effect}{section.3.1}% 18
\BOOKMARK [2][]{subsection.3.1.4}{Neutrino induced EAS}{section.3.1}% 19
\BOOKMARK [1][]{section.3.2}{Characteristics}{chapter.3}% 20
\BOOKMARK [1][]{section.3.3}{Detection}{chapter.3}% 21
\BOOKMARK [2][]{subsection.3.3.1}{Fluorescence Detection}{section.3.3}% 22
\BOOKMARK [2][]{subsection.3.3.2}{Cherenkov Detection}{section.3.3}% 23
\BOOKMARK [2][]{subsection.3.3.3}{Radio Detection}{section.3.3}% 24
\BOOKMARK [2][]{subsection.3.3.4}{Particle detector arrays}{section.3.3}% 25
\BOOKMARK [2][]{subsection.3.3.5}{Towards detecting Neutrino Induced Extensive Air Showers}{section.3.3}% 26
\BOOKMARK [0][]{chapter.4}{The Pierre Auger Observatory}{}% 27
\BOOKMARK [1][]{section.4.1}{Fluorescence Detector}{chapter.4}% 28
\BOOKMARK [1][]{section.4.2}{Surface Detector}{chapter.4}% 29
\BOOKMARK [2][]{subsection.4.2.1}{Calibration of SD}{section.4.2}% 30
\BOOKMARK [2][]{subsection.4.2.2}{SD Trigger system}{section.4.2}% 31
\BOOKMARK [1][]{section.4.3}{AugerPrime}{chapter.4}% 32
\BOOKMARK [2][]{subsection.4.3.1}{Advanced Data Summary Tree}{section.4.3}% 33
\BOOKMARK [0][]{chapter.5}{Neutrino Analysis }{}% 34
\BOOKMARK [1][]{section.5.1}{SD Neutrino signature }{chapter.5}% 35
\BOOKMARK [1][]{section.5.2}{Neutrino Simulations}{chapter.5}% 36
\BOOKMARK [2][]{subsection.5.2.1}{Atmospheric Shower simulations}{section.5.2}% 37
\BOOKMARK [2][]{subsection.5.2.2}{Surface Detector Response}{section.5.2}% 38
\BOOKMARK [1][]{section.5.3}{Shower Reconstruction}{chapter.5}% 39
\BOOKMARK [2][]{subsection.5.3.1}{Event reading and pre-selection}{section.5.3}% 40
\BOOKMARK [2][]{subsection.5.3.2}{Angular Reconstruction}{section.5.3}% 41
\BOOKMARK [2][]{subsection.5.3.3}{Posterior selection and Export}{section.5.3}% 42
\BOOKMARK [1][]{section.5.4}{Reconstructed \040simulations}{chapter.5}% 43
\BOOKMARK [2][]{subsection.5.4.1}{Comparison to reconstruction with old triggers}{section.5.4}% 44
\BOOKMARK [1][]{section.5.5}{ selection}{chapter.5}% 45
\BOOKMARK [2][]{subsection.5.5.1}{Samples Used}{section.5.5}% 46
\BOOKMARK [2][]{subsection.5.5.2}{Pre-selection Cuts}{section.5.5}% 47
\BOOKMARK [2][]{subsection.5.5.3}{Fisher linear discriminant analysis}{section.5.5}% 48
\BOOKMARK [2][]{subsection.5.5.4}{Time evolution of selection parameters}{section.5.5}% 49
\BOOKMARK [2][]{subsection.5.5.5}{Neutrino Detection Efficiency}{section.5.5}% 50
\BOOKMARK [0][]{chapter.6}{Detector Exposure and Limits to the Diffuse Flux of UHEs}{}% 51
\BOOKMARK [1][]{section.6.1}{Exposure Calculation}{chapter.6}% 52
\BOOKMARK [1][]{section.6.2}{Systematic uncertainties}{chapter.6}% 53
\BOOKMARK [1][]{section.6.3}{Data unblinding}{chapter.6}% 54
\BOOKMARK [2][]{subsection.6.3.1}{Flawed 20\045 test sample}{section.6.3}% 55
\BOOKMARK [2][]{subsection.6.3.2}{Reevaluated 20\045 test search sample and 60\045 search sample}{section.6.3}% 56
\BOOKMARK [1][]{section.6.4}{Diffuse limit for the UHE neutrino flux}{chapter.6}%